# JRE version: Java(TM) SE Runtime Environment (8.0_65-b17) (build 1.8.0_65-b17)
# Java VM: Java HotSpot(TM) 64-Bit Server VM (25.65-b01 mixed mode bsd-amd64 compressed oops)
Heap:
 PSYoungGen      total 187904K, used 135612K [0x000000076ab00000, 0x000000077c000000, 0x00000007c0000000)
  eden space 177152K, 70% used [0x000000076ab00000,0x00000007724f2a30,0x0000000775800000)
  from space 10752K, 99% used [0x000000077b580000,0x000000077bffc880,0x000000077c000000)
  to   space 10752K, 0% used [0x000000077ab00000,0x000000077ab00000,0x000000077b580000)
 ParOldGen       total 123392K, used 21716K [0x00000006c0000000, 0x00000006c7880000, 0x000000076ab00000)
  object space 123392K, 17% used [0x00000006c0000000,0x00000006c1535070,0x00000006c7880000)
 Metaspace       used 34027K, capacity 35224K, committed 35456K, reserved 1081344K
  class space    used 4028K, capacity 4431K, committed 4480K, reserved 1048576K
GC Heap History (10 events):
Event: 0.835 GC heap before
{Heap before GC invocations=1 (full 0):
 PSYoungGen      total 76288K, used 65536K [0x000000076ab00000, 0x0000000770000000, 0x00000007c0000000)
  eden space 65536K, 100% used [0x000000076ab00000,0x000000076eb00000,0x000000076eb00000)
  from space 10752K, 0% used [0x000000076f580000,0x000000076f580000,0x0000000770000000)
  to   space 10752K, 0% used [0x000000076eb00000,0x000000076eb00000,0x000000076f580000)
 ParOldGen       total 175104K, used 0K [0x00000006c0000000, 0x00000006cab00000, 0x000000076ab00000)
  object space 175104K, 0% used [0x00000006c0000000,0x00000006c0000000,0x00000006cab00000)
 Metaspace       used 11192K, capacity 11328K, committed 11520K, reserved 1058816K
  class space    used 1401K, capacity 1476K, committed 1536K, reserved 1048576K
Event: 0.844 GC heap after
Heap after GC invocations=1 (full 0):
 PSYoungGen      total 76288K, used 9442K [0x000000076ab00000, 0x0000000774000000, 0x00000007c0000000)
  eden space 65536K, 0% used [0x000000076ab00000,0x000000076ab00000,0x000000076eb00000)
  from space 10752K, 87% used [0x000000076eb00000,0x000000076f438b68,0x000000076f580000)
  to   space 10752K, 0% used [0x0000000773580000,0x0000000773580000,0x0000000774000000)
 ParOldGen       total 175104K, used 16K [0x00000006c0000000, 0x00000006cab00000, 0x000000076ab00000)
  object space 175104K, 0% used [0x00000006c0000000,0x00000006c0004000,0x00000006cab00000)
 Metaspace       used 11192K, capacity 11328K, committed 11520K, reserved 1058816K
  class space    used 1401K, capacity 1476K, committed 1536K, reserved 1048576K
}
Event: 1.652 GC heap before
{Heap before GC invocations=2 (full 0):
 PSYoungGen      total 76288K, used 74978K [0x000000076ab00000, 0x0000000774000000, 0x00000007c0000000)
  eden space 65536K, 100% used [0x000000076ab00000,0x000000076eb00000,0x000000076eb00000)
  from space 10752K, 87% used [0x000000076eb00000,0x000000076f438b68,0x000000076f580000)
  to   space 10752K, 0% used [0x0000000773580000,0x0000000773580000,0x0000000774000000)
 ParOldGen       total 175104K, used 16K [0x00000006c0000000, 0x00000006cab00000, 0x000000076ab00000)
  object space 175104K, 0% used [0x00000006c0000000,0x00000006c0004000,0x00000006cab00000)
 Metaspace       used 14874K, capacity 15066K, committed 15232K, reserved 1062912K
  class space    used 1793K, capacity 1875K, committed 1920K, reserved 1048576K
Event: 1.662 GC heap after
Heap after GC invocations=2 (full 0):
 PSYoungGen      total 141824K, used 9599K [0x000000076ab00000, 0x0000000774000000, 0x00000007c0000000)
  eden space 131072K, 0% used [0x000000076ab00000,0x000000076ab00000,0x0000000772b00000)
  from space 10752K, 89% used [0x0000000773580000,0x0000000773edfe18,0x0000000774000000)
  to   space 10752K, 0% used [0x0000000772b00000,0x0000000772b00000,0x0000000773580000)
 ParOldGen       total 175104K, used 32K [0x00000006c0000000, 0x00000006cab00000, 0x000000076ab00000)
  object space 175104K, 0% used [0x00000006c0000000,0x00000006c0008000,0x00000006cab00000)
 Metaspace       used 14874K, capacity 15066K, committed 15232K, reserved 1062912K
  class space    used 1793K, capacity 1875K, committed 1920K, reserved 1048576K
}
Event: 2.510 GC heap before
{Heap before GC invocations=3 (full 0):
 PSYoungGen      total 141824K, used 91894K [0x000000076ab00000, 0x0000000774000000, 0x00000007c0000000)
  eden space 131072K, 62% used [0x000000076ab00000,0x000000076fb5daf0,0x0000000772b00000)
  from space 10752K, 89% used [0x0000000773580000,0x0000000773edfe18,0x0000000774000000)
  to   space 10752K, 0% used [0x0000000772b00000,0x0000000772b00000,0x0000000773580000)
 ParOldGen       total 175104K, used 32K [0x00000006c0000000, 0x00000006cab00000, 0x000000076ab00000)
  object space 175104K, 0% used [0x00000006c0000000,0x00000006c0008000,0x00000006cab00000)
 Metaspace       used 20797K, capacity 21198K, committed 21296K, reserved 1069056K
  class space    used 2537K, capacity 2685K, committed 2688K, reserved 1048576K
Event: 2.527 GC heap after
Heap after GC invocations=3 (full 0):
 PSYoungGen      total 141824K, used 10720K [0x000000076ab00000, 0x000000077c000000, 0x00000007c0000000)
  eden space 131072K, 0% used [0x000000076ab00000,0x000000076ab00000,0x0000000772b00000)
  from space 10752K, 99% used [0x0000000772b00000,0x0000000773578040,0x0000000773580000)
  to   space 10752K, 0% used [0x000000077b580000,0x000000077b580000,0x000000077c000000)
 ParOldGen       total 175104K, used 3499K [0x00000006c0000000, 0x00000006cab00000, 0x000000076ab00000)
  object space 175104K, 1% used [0x00000006c0000000,0x00000006c036adf8,0x00000006cab00000)
 Metaspace       used 20797K, capacity 21198K, committed 21296K, reserved 1069056K
  class space    used 2537K, capacity 2685K, committed 2688K, reserved 1048576K
}
Event: 2.527 GC heap before
{Heap before GC invocations=4 (full 1):
 PSYoungGen      total 141824K, used 10720K [0x000000076ab00000, 0x000000077c000000, 0x00000007c0000000)
  eden space 131072K, 0% used [0x000000076ab00000,0x000000076ab00000,0x0000000772b00000)
  from space 10752K, 99% used [0x0000000772b00000,0x0000000773578040,0x0000000773580000)
  to   space 10752K, 0% used [0x000000077b580000,0x000000077b580000,0x000000077c000000)
 ParOldGen       total 175104K, used 3499K [0x00000006c0000000, 0x00000006cab00000, 0x000000076ab00000)
  object space 175104K, 1% used [0x00000006c0000000,0x00000006c036adf8,0x00000006cab00000)
 Metaspace       used 20797K, capacity 21198K, committed 21296K, reserved 1069056K
  class space    used 2537K, capacity 2685K, committed 2688K, reserved 1048576K
Event: 2.578 GC heap after
Heap after GC invocations=4 (full 1):
 PSYoungGen      total 141824K, used 0K [0x000000076ab00000, 0x000000077c000000, 0x00000007c0000000)
  eden space 131072K, 0% used [0x000000076ab00000,0x000000076ab00000,0x0000000772b00000)
  from space 10752K, 0% used [0x0000000772b00000,0x0000000772b00000,0x0000000773580000)
  to   space 10752K, 0% used [0x000000077b580000,0x000000077b580000,0x000000077c000000)
 ParOldGen       total 123392K, used 13992K [0x00000006c0000000, 0x00000006c7880000, 0x000000076ab00000)
  object space 123392K, 11% used [0x00000006c0000000,0x00000006c0daa2b8,0x00000006c7880000)
 Metaspace       used 20797K, capacity 21198K, committed 21296K, reserved 1069056K
  class space    used 2537K, capacity 2685K, committed 2688K, reserved 1048576K
}
Event: 5.975 GC heap before
{Heap before GC invocations=5 (full 1):
 PSYoungGen      total 141824K, used 131072K [0x000000076ab00000, 0x000000077c000000, 0x00000007c0000000)
  eden space 131072K, 100% used [0x000000076ab00000,0x0000000772b00000,0x0000000772b00000)
  from space 10752K, 0% used [0x0000000772b00000,0x0000000772b00000,0x0000000773580000)
  to   space 10752K, 0% used [0x000000077b580000,0x000000077b580000,0x000000077c000000)
 ParOldGen       total 123392K, used 13992K [0x00000006c0000000, 0x00000006c7880000, 0x000000076ab00000)
  object space 123392K, 11% used [0x00000006c0000000,0x00000006c0daa2b8,0x00000006c7880000)
 Metaspace       used 31302K, capacity 32054K, committed 32256K, reserved 1077248K
  class space    used 3738K, capacity 4010K, committed 4096K, reserved 1048576K
Event: 5.990 GC heap after
Heap after GC invocations=5 (full 1):
 PSYoungGen      total 187904K, used 10738K [0x000000076ab00000, 0x000000077c000000, 0x00000007c0000000)
  eden space 177152K, 0% used [0x000000076ab00000,0x000000076ab00000,0x0000000775800000)
  from space 10752K, 99% used [0x000000077b580000,0x000000077bffc880,0x000000077c000000)
  to   space 10752K, 0% used [0x000000077ab00000,0x000000077ab00000,0x000000077b580000)
 ParOldGen       total 123392K, used 21716K [0x00000006c0000000, 0x00000006c7880000, 0x000000076ab00000)
  object space 123392K, 17% used [0x00000006c0000000,0x00000006c1535070,0x00000006c7880000)
 Metaspace       used 31302K, capacity 32054K, committed 32256K, reserved 1077248K
  class space    used 3738K, capacity 4010K, committed 4096K, reserved 1048576K
}

